{"C:\\Users\\castr\\Desktop\\Calidad\\IntegracionContinua\\src\\app.d.ts": {"path":"C:\\Users\\castr\\Desktop\\Calidad\\IntegracionContinua\\src\\app.d.ts","all":true,"statementMap":{},"s":{},"branchMap":{"0":{"type":"branch","line":1,"loc":{"start":{"line":1,"column":273},"end":{"line":13,"column":10}},"locations":[{"start":{"line":1,"column":273},"end":{"line":13,"column":10}}]}},"b":{"0":[1]},"fnMap":{"0":{"name":"(empty-report)","decl":{"start":{"line":1,"column":273},"end":{"line":13,"column":10}},"loc":{"start":{"line":1,"column":273},"end":{"line":13,"column":10}},"line":1}},"f":{"0":1}}
,"C:\\Users\\castr\\Desktop\\Calidad\\IntegracionContinua\\src\\lib\\RootN.ts": {"path":"C:\\Users\\castr\\Desktop\\Calidad\\IntegracionContinua\\src\\lib\\RootN.ts","all":false,"statementMap":{"0":{"start":{"line":2,"column":0},"end":{"line":2,"column":53}},"1":{"start":{"line":3,"column":0},"end":{"line":3,"column":87}},"2":{"start":{"line":4,"column":0},"end":{"line":4,"column":74}},"3":{"start":{"line":5,"column":0},"end":{"line":5,"column":27}},"4":{"start":{"line":6,"column":0},"end":{"line":6,"column":1}}},"s":{"0":2,"1":12,"2":12,"3":4,"4":4},"branchMap":{"0":{"type":"branch","line":2,"loc":{"start":{"line":2,"column":7},"end":{"line":6,"column":1}},"locations":[{"start":{"line":2,"column":7},"end":{"line":6,"column":1}}]},"1":{"type":"branch","line":3,"loc":{"start":{"line":3,"column":10},"end":{"line":3,"column":23}},"locations":[{"start":{"line":3,"column":10},"end":{"line":3,"column":23}}]},"2":{"type":"branch","line":3,"loc":{"start":{"line":3,"column":23},"end":{"line":3,"column":87}},"locations":[{"start":{"line":3,"column":23},"end":{"line":3,"column":87}}]},"3":{"type":"branch","line":3,"loc":{"start":{"line":3,"column":85},"end":{"line":4,"column":21}},"locations":[{"start":{"line":3,"column":85},"end":{"line":4,"column":21}}]},"4":{"type":"branch","line":4,"loc":{"start":{"line":4,"column":14},"end":{"line":4,"column":74}},"locations":[{"start":{"line":4,"column":14},"end":{"line":4,"column":74}}]},"5":{"type":"branch","line":4,"loc":{"start":{"line":4,"column":21},"end":{"line":6,"column":1}},"locations":[{"start":{"line":4,"column":21},"end":{"line":6,"column":1}}]}},"b":{"0":[12],"1":[8],"2":[8],"3":[4],"4":[0],"5":[4]},"fnMap":{"0":{"name":"RootN","decl":{"start":{"line":2,"column":7},"end":{"line":6,"column":1}},"loc":{"start":{"line":2,"column":7},"end":{"line":6,"column":1}},"line":2}},"f":{"0":12}}
,"C:\\Users\\castr\\Desktop\\Calidad\\IntegracionContinua\\src\\lib\\index.ts": {"path":"C:\\Users\\castr\\Desktop\\Calidad\\IntegracionContinua\\src\\lib\\index.ts","all":true,"statementMap":{},"s":{},"branchMap":{"0":{"type":"branch","line":1,"loc":{"start":{"line":1,"column":74},"end":{"line":1,"column":74}},"locations":[{"start":{"line":1,"column":74},"end":{"line":1,"column":74}}]}},"b":{"0":[1]},"fnMap":{"0":{"name":"(empty-report)","decl":{"start":{"line":1,"column":74},"end":{"line":1,"column":74}},"loc":{"start":{"line":1,"column":74},"end":{"line":1,"column":74}},"line":1}},"f":{"0":1}}
,"C:\\Users\\castr\\Desktop\\Calidad\\IntegracionContinua\\src\\routes\\+layout.svelte": {"path":"C:\\Users\\castr\\Desktop\\Calidad\\IntegracionContinua\\src\\routes\\+layout.svelte","all":true,"statementMap":{},"s":{},"branchMap":{"0":{"type":"branch","line":1,"loc":{"start":{"line":1,"column":103},"end":{"line":7,"column":20}},"locations":[{"start":{"line":1,"column":103},"end":{"line":7,"column":20}}]}},"b":{"0":[1]},"fnMap":{"0":{"name":"(empty-report)","decl":{"start":{"line":1,"column":103},"end":{"line":7,"column":20}},"loc":{"start":{"line":1,"column":103},"end":{"line":7,"column":20}},"line":1}},"f":{"0":1}}
,"C:\\Users\\castr\\Desktop\\Calidad\\IntegracionContinua\\src\\routes\\+page.svelte": {"path":"C:\\Users\\castr\\Desktop\\Calidad\\IntegracionContinua\\src\\routes\\+page.svelte","all":true,"statementMap":{"3":{"start":{"line":4,"column":0},"end":{"line":4,"column":31}},"4":{"start":{"line":5,"column":0},"end":{"line":5,"column":24}},"5":{"start":{"line":6,"column":0},"end":{"line":6,"column":75}},"6":{"start":{"line":7,"column":0},"end":{"line":7,"column":40}},"8":{"start":{"line":9,"column":0},"end":{"line":9,"column":51}},"9":{"start":{"line":10,"column":0},"end":{"line":10,"column":28}},"10":{"start":{"line":11,"column":0},"end":{"line":11,"column":66}},"11":{"start":{"line":12,"column":0},"end":{"line":12,"column":82}},"12":{"start":{"line":13,"column":0},"end":{"line":13,"column":37}},"13":{"start":{"line":14,"column":0},"end":{"line":14,"column":10}},"14":{"start":{"line":15,"column":0},"end":{"line":15,"column":74}},"15":{"start":{"line":16,"column":0},"end":{"line":16,"column":25}},"16":{"start":{"line":17,"column":0},"end":{"line":17,"column":15}},"17":{"start":{"line":18,"column":0},"end":{"line":18,"column":11}},"18":{"start":{"line":19,"column":0},"end":{"line":19,"column":26}},"19":{"start":{"line":20,"column":0},"end":{"line":20,"column":4}},"20":{"start":{"line":21,"column":0},"end":{"line":21,"column":3}},"21":{"start":{"line":22,"column":0},"end":{"line":22,"column":28}},"22":{"start":{"line":23,"column":0},"end":{"line":23,"column":2}},"24":{"start":{"line":25,"column":0},"end":{"line":25,"column":23}},"25":{"start":{"line":26,"column":0},"end":{"line":26,"column":7}},"27":{"start":{"line":28,"column":0},"end":{"line":28,"column":81}},"28":{"start":{"line":29,"column":0},"end":{"line":29,"column":13}},"29":{"start":{"line":30,"column":0},"end":{"line":30,"column":55}},"30":{"start":{"line":31,"column":0},"end":{"line":31,"column":35}},"31":{"start":{"line":32,"column":0},"end":{"line":32,"column":35}},"32":{"start":{"line":33,"column":0},"end":{"line":33,"column":58}},"33":{"start":{"line":34,"column":0},"end":{"line":34,"column":73}},"34":{"start":{"line":35,"column":0},"end":{"line":35,"column":4}},"35":{"start":{"line":36,"column":0},"end":{"line":36,"column":54}},"36":{"start":{"line":37,"column":0},"end":{"line":37,"column":23}},"37":{"start":{"line":38,"column":0},"end":{"line":38,"column":11}},"38":{"start":{"line":39,"column":0},"end":{"line":39,"column":16}},"39":{"start":{"line":40,"column":0},"end":{"line":40,"column":3}},"40":{"start":{"line":41,"column":0},"end":{"line":41,"column":27}},"41":{"start":{"line":42,"column":0},"end":{"line":42,"column":55}},"42":{"start":{"line":43,"column":0},"end":{"line":43,"column":2}},"44":{"start":{"line":45,"column":0},"end":{"line":45,"column":26}},"45":{"start":{"line":46,"column":0},"end":{"line":46,"column":20}},"46":{"start":{"line":47,"column":0},"end":{"line":47,"column":13}},"47":{"start":{"line":48,"column":0},"end":{"line":48,"column":51}},"48":{"start":{"line":49,"column":0},"end":{"line":49,"column":2}},"50":{"start":{"line":51,"column":0},"end":{"line":51,"column":24}},"51":{"start":{"line":52,"column":0},"end":{"line":52,"column":73}},"52":{"start":{"line":53,"column":0},"end":{"line":53,"column":28}},"53":{"start":{"line":54,"column":0},"end":{"line":54,"column":64}},"54":{"start":{"line":55,"column":0},"end":{"line":55,"column":3}},"55":{"start":{"line":56,"column":0},"end":{"line":56,"column":2}},"60":{"start":{"line":61,"column":0},"end":{"line":61,"column":37}},"61":{"start":{"line":62,"column":0},"end":{"line":62,"column":33}},"66":{"start":{"line":67,"column":0},"end":{"line":67,"column":73}},"72":{"start":{"line":73,"column":0},"end":{"line":73,"column":64}},"73":{"start":{"line":74,"column":0},"end":{"line":74,"column":64}},"74":{"start":{"line":75,"column":0},"end":{"line":75,"column":64}},"75":{"start":{"line":76,"column":0},"end":{"line":76,"column":67}},"76":{"start":{"line":77,"column":0},"end":{"line":77,"column":67}},"79":{"start":{"line":80,"column":0},"end":{"line":80,"column":64}},"80":{"start":{"line":81,"column":0},"end":{"line":81,"column":64}},"81":{"start":{"line":82,"column":0},"end":{"line":82,"column":64}},"82":{"start":{"line":83,"column":0},"end":{"line":83,"column":67}},"83":{"start":{"line":84,"column":0},"end":{"line":84,"column":67}},"86":{"start":{"line":87,"column":0},"end":{"line":87,"column":64}},"87":{"start":{"line":88,"column":0},"end":{"line":88,"column":64}},"88":{"start":{"line":89,"column":0},"end":{"line":89,"column":64}},"89":{"start":{"line":90,"column":0},"end":{"line":90,"column":67}},"90":{"start":{"line":91,"column":0},"end":{"line":91,"column":64}},"93":{"start":{"line":94,"column":0},"end":{"line":94,"column":64}},"94":{"start":{"line":95,"column":0},"end":{"line":95,"column":64}},"95":{"start":{"line":96,"column":0},"end":{"line":96,"column":67}},"96":{"start":{"line":97,"column":0},"end":{"line":97,"column":42}},"97":{"start":{"line":98,"column":0},"end":{"line":98,"column":43}},"98":{"start":{"line":99,"column":0},"end":{"line":99,"column":45}}},"s":{"3":0,"4":0,"5":0,"6":0,"8":0,"9":0,"10":0,"11":0,"12":0,"13":0,"14":0,"15":0,"16":0,"17":0,"18":0,"19":0,"20":0,"21":0,"22":0,"24":0,"25":0,"27":0,"28":0,"29":0,"30":0,"31":0,"32":0,"33":0,"34":0,"35":0,"36":0,"37":0,"38":0,"39":0,"40":0,"41":0,"42":0,"44":0,"45":0,"46":0,"47":0,"48":0,"50":0,"51":0,"52":0,"53":0,"54":0,"55":0,"60":0,"61":0,"66":0,"72":0,"73":0,"74":0,"75":0,"76":0,"79":0,"80":0,"81":0,"82":0,"83":0,"86":0,"87":0,"88":0,"89":0,"90":0,"93":0,"94":0,"95":0,"96":0,"97":0,"98":0},"branchMap":{"0":{"type":"branch","line":1,"loc":{"start":{"line":1,"column":4387},"end":{"line":162,"column":7}},"locations":[{"start":{"line":1,"column":4387},"end":{"line":162,"column":7}}]}},"b":{"0":[1]},"fnMap":{"0":{"name":"(empty-report)","decl":{"start":{"line":1,"column":4387},"end":{"line":162,"column":7}},"loc":{"start":{"line":1,"column":4387},"end":{"line":162,"column":7}},"line":1}},"f":{"0":1}}
}
